<?xml version="1.0" encoding="UTF-8"?>
<!-- Generated by org.testng.reporters.JUnitReportReporter -->
<testsuite hostname="info-lap668" name="com.app.tests.RegisterTest" tests="2" failures="0" timestamp="2 Oct 2020 03:38:12 GMT" time="29.440" errors="0">
  <testcase name="verifyContactLinkTest" time="12.622" classname="com.app.tests.RegisterTest"/>
  <testcase name="verifyRegistrationTest" time="16.818" classname="com.app.tests.RegisterTest"/>
</testsuite> <!-- com.app.tests.RegisterTest -->
