<?xml version="1.0" encoding="UTF-8"?>
<!-- Generated by org.testng.reporters.JUnitReportReporter -->
<testsuite hostname="info-lap668" name="com.app.tests.RegisterTest" tests="2" failures="0" timestamp="27 Sep 2020 03:49:26 GMT" time="30.414" errors="0">
  <testcase name="verifyContactLinkTest" time="13.137" classname="com.app.tests.RegisterTest"/>
  <testcase name="verifyRegistrationTest" time="17.277" classname="com.app.tests.RegisterTest"/>
</testsuite> <!-- com.app.tests.RegisterTest -->
