<?xml version="1.0" encoding="UTF-8"?>
<!-- Generated by org.testng.reporters.JUnitReportReporter -->
<<<<<<< HEAD
<testsuite skipped="0" hostname="AIR-LAP-700021" name="com.app.tests.RegisterTest" tests="2" failures="0" timestamp="27 Sep 2020 04:39:34 GMT" time="29.083" errors="0">
  <testcase name="verifyRegistrationTest" time="16.364" classname="com.app.tests.RegisterTest"/>
  <testcase name="verifyContactLinkTest" time="12.719" classname="com.app.tests.RegisterTest"/>
=======
<testsuite hostname="info-lap668" name="com.app.tests.RegisterTest" tests="2" failures="0" timestamp="2 Oct 2020 03:38:12 GMT" time="29.440" errors="0">
  <testcase name="verifyContactLinkTest" time="12.622" classname="com.app.tests.RegisterTest"/>
  <testcase name="verifyRegistrationTest" time="16.818" classname="com.app.tests.RegisterTest"/>
>>>>>>> branch 'master' of https://github.com/Rachita333/PageObjectModel.git
</testsuite> <!-- com.app.tests.RegisterTest -->
