<?xml version="1.0" encoding="UTF-8"?>
<!-- Generated by org.testng.reporters.JUnitReportReporter -->
<testsuite skipped="0" hostname="AIR-LAP-700021" name="com.app.tests.RegisterTest" tests="2" failures="0" timestamp="27 Sep 2020 04:39:34 GMT" time="29.083" errors="0">
  <testcase name="verifyRegistrationTest" time="16.364" classname="com.app.tests.RegisterTest"/>
  <testcase name="verifyContactLinkTest" time="12.719" classname="com.app.tests.RegisterTest"/>
</testsuite> <!-- com.app.tests.RegisterTest -->
